[2026-04-10T17:07:44.017Z] [testConnection] Chamada de teste recebida
[2026-04-10T17:07:56.431Z] [submitUploadExterno] INICIADO
[2026-04-10T17:07:56.432Z] [submitUploadExterno] Dados recebidos: titulo=Estação_Chucri_Zaidan_(2018), file=Estação_Chucri_Zaidan_(2018).jpg, size=1455461
[2026-04-10T17:07:56.438Z] [submitUploadExterno] Env Check: URL=true, ServiceKey=false, AnonKey=true
[2026-04-10T17:07:56.438Z] [submitUploadExterno] Contando anexos para emp: 17a8c6b2-5489-4a76-848c-f43e5bc0b24f
[2026-04-10T17:07:56.668Z] [submitUploadExterno] Próximo número: 1
[2026-04-10T17:07:56.669Z] [submitUploadExterno] Uploading para storage: 17a8c6b2-5489-4a76-848c-f43e5bc0b24f/1775840876669-521pst8zrxv.jpg
[2026-04-10T17:07:57.226Z] [submitUploadExterno] Erro no storage: new row violates row-level security policy
[2026-04-10T17:12:05.498Z] [testConnection] Chamada de teste recebida
[2026-04-10T17:12:14.899Z] [submitUploadExterno] INICIADO
[2026-04-10T17:12:14.901Z] [submitUploadExterno] Dados recebidos: titulo=Estação_Chucri_Zaidan_(2018), file=Estação_Chucri_Zaidan_(2018).jpg, size=1455461
[2026-04-10T17:12:14.901Z] [submitUploadExterno] Env Check: URL=true, ServiceKey=true, AnonKey=true
[2026-04-10T17:12:14.902Z] [submitUploadExterno] Contando anexos para emp: 17a8c6b2-5489-4a76-848c-f43e5bc0b24f
[2026-04-10T17:12:15.074Z] [submitUploadExterno] Próximo número: 1
[2026-04-10T17:12:15.075Z] [submitUploadExterno] Uploading para storage: 17a8c6b2-5489-4a76-848c-f43e5bc0b24f/1775841135075-qbzkw32rcs.jpg
[2026-04-10T17:12:15.722Z] [submitUploadExterno] Salvando no banco: Estação_Chucri_Zaidan_(2018)
[2026-04-10T17:12:15.958Z] [submitUploadExterno] SUCESSO: Estação_Chucri_Zaidan_(2018)
[2026-04-10T17:12:37.459Z] [Proxy] Redirecting to login: /
[2026-04-10T17:17:10.362Z] [Proxy] Redirecting to home: /login
[2026-04-10T17:18:26.699Z] [testConnection] Chamada de teste recebida
[2026-04-10T17:18:51.265Z] [submitUploadExterno] INICIADO
[2026-04-10T17:18:51.266Z] [submitUploadExterno] Dados recebidos: titulo=1, file=1. Quadra 12 - Rede Secundária ENEL.png, size=380123
[2026-04-10T17:18:51.266Z] [submitUploadExterno] Env Check: URL=true, ServiceKey=true, AnonKey=true
[2026-04-10T17:18:51.267Z] [submitUploadExterno] Contando anexos para emp: 9c67a5e3-20e3-44bd-8be6-733e962b17c3
[2026-04-10T17:18:51.480Z] [submitUploadExterno] Próximo número: 1
[2026-04-10T17:18:51.481Z] [submitUploadExterno] Uploading para storage: 9c67a5e3-20e3-44bd-8be6-733e962b17c3/1775841531480-2y5tbo02u1i.png
[2026-04-10T17:18:52.026Z] [submitUploadExterno] Salvando no banco: 1
[2026-04-10T17:18:52.221Z] [submitUploadExterno] SUCESSO: 1
[2026-04-10T17:18:52.240Z] [submitUploadExterno] INICIADO
[2026-04-10T17:18:52.241Z] [submitUploadExterno] Dados recebidos: titulo=2, file=2. Exec. Acab. pelo CCI.png, size=307564
[2026-04-10T17:18:52.241Z] [submitUploadExterno] Env Check: URL=true, ServiceKey=true, AnonKey=true
[2026-04-10T17:18:52.241Z] [submitUploadExterno] Contando anexos para emp: 9c67a5e3-20e3-44bd-8be6-733e962b17c3
[2026-04-10T17:18:52.367Z] [submitUploadExterno] Próximo número: 2
[2026-04-10T17:18:52.368Z] [submitUploadExterno] Uploading para storage: 9c67a5e3-20e3-44bd-8be6-733e962b17c3/1775841532368-acuridvtjc.png
[2026-04-10T17:18:52.666Z] [submitUploadExterno] Salvando no banco: 2
[2026-04-10T17:18:52.803Z] [submitUploadExterno] SUCESSO: 2
[2026-04-10T17:18:52.818Z] [submitUploadExterno] INICIADO
[2026-04-10T17:18:52.819Z] [submitUploadExterno] Dados recebidos: titulo=3, file=3. Preparação para Binder.png, size=336398
[2026-04-10T17:18:52.819Z] [submitUploadExterno] Env Check: URL=true, ServiceKey=true, AnonKey=true
[2026-04-10T17:18:52.820Z] [submitUploadExterno] Contando anexos para emp: 9c67a5e3-20e3-44bd-8be6-733e962b17c3
[2026-04-10T17:18:52.943Z] [submitUploadExterno] Próximo número: 3
[2026-04-10T17:18:52.944Z] [submitUploadExterno] Uploading para storage: 9c67a5e3-20e3-44bd-8be6-733e962b17c3/1775841532944-o6ayca7xrik.png
[2026-04-10T17:18:53.161Z] [submitUploadExterno] Salvando no banco: 3
[2026-04-10T17:18:53.282Z] [submitUploadExterno] SUCESSO: 3
[2026-04-10T17:18:53.299Z] [submitUploadExterno] INICIADO
[2026-04-10T17:18:53.300Z] [submitUploadExterno] Dados recebidos: titulo=4, file=4. Sinal. Horizontal CET.png, size=418342
[2026-04-10T17:18:53.301Z] [submitUploadExterno] Env Check: URL=true, ServiceKey=true, AnonKey=true
[2026-04-10T17:18:53.301Z] [submitUploadExterno] Contando anexos para emp: 9c67a5e3-20e3-44bd-8be6-733e962b17c3
[2026-04-10T17:18:53.395Z] [submitUploadExterno] Próximo número: 4
[2026-04-10T17:18:53.395Z] [submitUploadExterno] Uploading para storage: 9c67a5e3-20e3-44bd-8be6-733e962b17c3/1775841533395-wawag1nnnyq.png
[2026-04-10T17:18:53.915Z] [submitUploadExterno] Salvando no banco: 4
[2026-04-10T17:18:54.005Z] [submitUploadExterno] SUCESSO: 4
[2026-04-10T17:18:54.022Z] [submitUploadExterno] INICIADO
[2026-04-10T17:18:54.022Z] [submitUploadExterno] Dados recebidos: titulo=5, file=5. Prep. Subleito da Calçada - Quadra 46.png, size=363668
[2026-04-10T17:18:54.023Z] [submitUploadExterno] Env Check: URL=true, ServiceKey=true, AnonKey=true
[2026-04-10T17:18:54.023Z] [submitUploadExterno] Contando anexos para emp: 9c67a5e3-20e3-44bd-8be6-733e962b17c3
[2026-04-10T17:18:54.091Z] [submitUploadExterno] Próximo número: 5
[2026-04-10T17:18:54.091Z] [submitUploadExterno] Uploading para storage: 9c67a5e3-20e3-44bd-8be6-733e962b17c3/1775841534091-stz4xwdec7i.png
[2026-04-10T17:18:54.578Z] [submitUploadExterno] Salvando no banco: 5
[2026-04-10T17:18:54.673Z] [submitUploadExterno] SUCESSO: 5
[2026-04-10T17:18:54.697Z] [submitUploadExterno] INICIADO
[2026-04-10T17:18:54.698Z] [submitUploadExterno] Dados recebidos: titulo=6, file=6. Lanç. Reforço SMA.png, size=335536
[2026-04-10T17:18:54.698Z] [submitUploadExterno] Env Check: URL=true, ServiceKey=true, AnonKey=true
[2026-04-10T17:18:54.699Z] [submitUploadExterno] Contando anexos para emp: 9c67a5e3-20e3-44bd-8be6-733e962b17c3
[2026-04-10T17:18:54.769Z] [submitUploadExterno] Próximo número: 6
[2026-04-10T17:18:54.769Z] [submitUploadExterno] Uploading para storage: 9c67a5e3-20e3-44bd-8be6-733e962b17c3/1775841534769-nmt5cpry2d.png
[2026-04-10T17:18:54.966Z] [submitUploadExterno] Salvando no banco: 6
[2026-04-10T17:18:55.042Z] [submitUploadExterno] SUCESSO: 6
[2026-04-10T17:21:04.463Z] [testConnection] Chamada de teste recebida
[2026-04-10T17:45:08.245Z] [testConnection] Chamada de teste recebida
[2026-04-10T17:45:43.112Z] [testConnection] Chamada de teste recebida
[2026-04-10T17:49:37.980Z] [submitUploadExterno] INICIADO
[2026-04-10T17:49:37.981Z] [submitUploadExterno] Dados recebidos: titulo=Terminal Itaquera 14102025, file=Terminal Itaquera 14102025.jpeg, size=377634
[2026-04-10T17:49:37.981Z] [submitUploadExterno] Env Check: URL=true, ServiceKey=true, AnonKey=true
[2026-04-10T17:49:37.982Z] [submitUploadExterno] Contando anexos para emp: 90bbf04b-6cad-4482-8a76-d77e221798eb
[2026-04-10T17:49:38.125Z] [submitUploadExterno] Próximo número: 1
[2026-04-10T17:49:38.126Z] [submitUploadExterno] Uploading para storage: 90bbf04b-6cad-4482-8a76-d77e221798eb/1775843378126-oecburrqjeq.jpeg
[2026-04-10T17:49:38.597Z] [submitUploadExterno] Salvando no banco: Terminal Itaquera 14102025
[2026-04-10T17:49:38.777Z] [submitUploadExterno] SUCESSO: Terminal Itaquera 14102025
[2026-04-10T17:49:52.008Z] [testConnection] Chamada de teste recebida
[2026-04-10T17:53:46.021Z] [testConnection] Chamada de teste recebida
[2026-04-10T18:28:39.316Z] [testConnection] Chamada de teste recebida
[2026-04-10T18:30:03.566Z] [testConnection] Chamada de teste recebida
[2026-04-13T10:58:03.892Z] [testConnection] Chamada de teste recebida
[2026-04-13T12:57:10.925Z] [Proxy] Redirecting to login: /empreendimentos
[2026-04-13T12:57:12.657Z] [Proxy] Redirecting to login: /empreendimentos/026af965-76c1-44ad-89d3-6348a53e979e
[2026-04-13T12:57:12.678Z] [Proxy] Redirecting to login: /empreendimentos/0a5ea10f-2935-4420-8021-3f0e311fdc66
[2026-04-13T12:57:12.713Z] [Proxy] Redirecting to login: /empreendimentos/78859c51-c7fc-4ad4-893d-9a05d91a7ee5
[2026-04-13T12:57:12.744Z] [Proxy] Redirecting to login: /empreendimentos/7fa34558-5d8a-494f-870c-aca016aade58
[2026-04-13T13:59:43.196Z] [Proxy] Redirecting to login: /
[2026-04-13T14:00:13.135Z] [Proxy] Redirecting to home: /login
[2026-04-13T14:06:45.021Z] [testConnection] Chamada de teste recebida
[2026-04-13T14:15:58.238Z] [Proxy] Redirecting to login: /
[2026-04-13T14:16:09.461Z] [Proxy] Redirecting to home: /login
[2026-04-13T18:40:25.399Z] [Proxy] Redirecting to login: /empreendimentos
[2026-04-13T18:40:34.029Z] [Proxy] Redirecting to home: /login
[2026-04-14T18:20:22.290Z] [testConnection] Chamada de teste recebida
[2026-04-15T16:27:12.405Z] [testConnection] Chamada de teste recebida
[2026-04-15T19:10:07.016Z] [Proxy] Redirecting to login: /
[2026-04-15T19:10:07.668Z] [Proxy] Redirecting to login: /
[2026-04-15T19:10:07.682Z] [Proxy] Redirecting to login: /
[2026-04-17T13:11:49.268Z] [Proxy] Redirecting to login: /usuarios
[2026-04-17T13:26:19.170Z] [Proxy] Redirecting to login: /
[2026-04-22T14:10:15.705Z] [Proxy] Redirecting to login: /api/proxy-sid
[2026-04-22T14:10:15.863Z] [Proxy] Redirecting to login: /api/proxy-sid
[2026-04-22T14:10:16.767Z] [Proxy] Redirecting to login: /api/proxy-sid
[2026-04-22T14:21:55.359Z] [Proxy] Redirecting to login: /api/proxy-sid
[2026-04-22T14:21:55.369Z] [Proxy] Redirecting to login: /api/proxy-sid
[2026-04-22T14:21:55.694Z] [Proxy] Redirecting to login: /api/proxy-sid
[2026-04-22T14:25:32.303Z] [Proxy] Redirecting to login: /api/proxy-sid
[2026-04-22T14:31:24.961Z] [Proxy] Redirecting to login: /api/proxy-sid
[2026-04-22T14:31:25.178Z] [Proxy] Redirecting to login: /api/proxy-sid
[2026-04-22T14:31:25.524Z] [Proxy] Redirecting to login: /api/proxy-sid
[2026-04-22T14:39:48.187Z] [Proxy] Redirecting to login: /api/proxy-sid
[2026-04-22T14:46:32.603Z] [Proxy] Redirecting to login: /api/proxy-sid
[2026-04-22T14:46:49.233Z] [Proxy] Redirecting to login: /contratos
[2026-04-22T14:46:52.744Z] [Proxy] Redirecting to login: /api/proxy-sid
[2026-04-22T14:46:53.027Z] [Proxy] Redirecting to login: /api/proxy-sid
[2026-04-22T14:47:02.537Z] [Proxy] Redirecting to home: /login
[2026-04-22T14:58:05.217Z] [Proxy] Redirecting to login: /api/proxy-sid
[2026-04-22T14:58:05.222Z] [Proxy] Redirecting to login: /api/proxy-sid
[2026-04-22T14:58:05.565Z] [Proxy] Redirecting to login: /api/proxy-sid
[2026-04-22T15:06:36.581Z] [Proxy] Redirecting to login: /empreendimentos
[2026-04-22T15:06:45.989Z] [Proxy] Redirecting to home: /login
[2026-04-22T15:31:40.950Z] [Proxy] Redirecting to login: /
[2026-04-22T15:31:49.312Z] [Proxy] Redirecting to home: /login
[2026-04-22T15:41:49.210Z] [Proxy] Redirecting to login: /empreendimentos
[2026-04-22T15:42:03.554Z] [Proxy] Redirecting to home: /login
[2026-05-15T18:18:00.263Z] [submitUploadExterno] INICIADO
[2026-05-15T18:18:00.624Z] [submitUploadExterno] Uploading: af67fd39-3e98-489a-85d0-d7298684c476/f07f9c8a-ce8b-4dfe-b1dc-16a9d40bdd91.jpg (Original: Imagem1.jpg)
[2026-05-15T18:18:01.611Z] [submitUploadExterno] INICIADO
[2026-05-15T18:18:01.696Z] [submitUploadExterno] Uploading: af67fd39-3e98-489a-85d0-d7298684c476/f1e48b1d-b784-4394-9c05-2cb0834b5256.jpg (Original: Imagem2.jpg)
[2026-05-15T18:18:02.131Z] [submitUploadExterno] INICIADO
[2026-05-15T18:18:02.212Z] [submitUploadExterno] Uploading: af67fd39-3e98-489a-85d0-d7298684c476/3786b137-34cd-4dce-b3ee-b122dd2f3a61.jpg (Original: Imagem3.jpg)
[2026-05-15T18:18:02.801Z] [submitUploadExterno] INICIADO
[2026-05-15T18:18:02.976Z] [submitUploadExterno] Uploading: af67fd39-3e98-489a-85d0-d7298684c476/931fd3b1-bc75-4daa-bbfc-19bfa9a4a28a.jpg (Original: Imagem4.jpg)
[2026-05-15T18:18:03.494Z] [submitUploadExterno] INICIADO
[2026-05-15T18:18:03.602Z] [submitUploadExterno] Uploading: af67fd39-3e98-489a-85d0-d7298684c476/878c6df7-44a3-40e6-8e68-5fc1e9b3aa4d.jpg (Original: Imagem6.jpg)
[2026-05-15T18:18:04.087Z] [submitUploadExterno] INICIADO
[2026-05-15T18:18:04.178Z] [submitUploadExterno] Uploading: af67fd39-3e98-489a-85d0-d7298684c476/25abb284-b741-4428-bc31-acfeb04c311b.jpg (Original: Imagem7.jpg)
[2026-05-18T19:53:28.169Z] [submitUploadExterno] INICIADO
[2026-05-18T19:53:28.372Z] [submitUploadExterno] Uploading: af67fd39-3e98-489a-85d0-d7298684c476/d09a5690-23b7-4f35-b3b5-9eeacdf197af.png (Original: Gemini_Generated_Image_i5e27yi5e27yi5e2-removebg-preview.png)
[2026-05-18T20:53:38.333Z] [submitUploadExterno] INICIADO
[2026-05-18T20:53:39.381Z] [submitUploadExterno] Uploading: af67fd39-3e98-489a-85d0-d7298684c476/ddce3f4c-4158-4a8f-954d-e5b92136180a.jpg (Original: Estacao_Chucri_Zaidan__2018_.jpg)
[2026-05-20T18:37:59.757Z] [submitUploadExterno] INICIADO
[2026-05-20T18:38:00.331Z] [submitUploadExterno] Uploading: 8b082cae-9adf-4a5e-8737-2677d4ad953f/32c52ac2-5e8d-4ec7-8afe-4853952ef81c.png (Original: Cruzamento_da_Av__Amador_Bueno_da_Veiga_x_Av__Sao_Miguel.png)
[2026-05-20T18:38:01.062Z] [submitUploadExterno] INICIADO
[2026-05-20T18:38:01.142Z] [submitUploadExterno] Uploading: 8b082cae-9adf-4a5e-8737-2677d4ad953f/44ef75ce-844d-4f87-9257-03c6ad488863.png (Original: Execucao_de_Passeio.png)
[2026-05-20T18:38:01.588Z] [submitUploadExterno] INICIADO
[2026-05-20T18:38:01.656Z] [submitUploadExterno] Uploading: 8b082cae-9adf-4a5e-8737-2677d4ad953f/656c61a4-784d-485f-a534-e415b12c27d5.png (Original: Execucao_de_sistema_de_drenagem.png)
[2026-05-20T18:38:02.220Z] [submitUploadExterno] INICIADO
[2026-05-20T18:38:02.316Z] [submitUploadExterno] Uploading: 8b082cae-9adf-4a5e-8737-2677d4ad953f/4a219094-c5ab-4078-913a-e2417b8e7786.png (Original: Inicio_do_trecho_em_obras___Praca_Dona_Micaela_Vieira.png)
[2026-05-20T18:38:02.815Z] [submitUploadExterno] INICIADO
[2026-05-20T18:38:02.871Z] [submitUploadExterno] Uploading: 8b082cae-9adf-4a5e-8737-2677d4ad953f/3b3e3560-9719-4777-a2cf-17ce788815cf.png (Original: Parada_14_finalizada_e_parada_13_em_execucao.png)
[2026-05-20T18:38:03.353Z] [submitUploadExterno] INICIADO
[2026-05-20T18:38:03.388Z] [submitUploadExterno] Uploading: 8b082cae-9adf-4a5e-8737-2677d4ad953f/9827d24d-dbad-4443-80fd-aba92105625c.png (Original: Rua_Candapui_sendido_Rua_Uico_-_Finalizada.png)
[2026-05-20T18:38:03.982Z] [submitUploadExterno] INICIADO
[2026-05-20T18:38:04.020Z] [submitUploadExterno] Uploading: 8b082cae-9adf-4a5e-8737-2677d4ad953f/bd28b15c-122f-48f2-a1a3-b4c77b63c6ec.png (Original: Rua_Candapui_x_Rua_Uico___Binario_finalizado.png)
[2026-05-20T18:38:37.687Z] [submitUploadExterno] INICIADO
[2026-05-20T18:38:37.788Z] [submitUploadExterno] Uploading: ff51ac8f-e0c0-47c3-882e-bf319066cfda/71ffd227-5b64-4c52-9846-be77ef8d2977.jpeg (Original: Alca_na_ligacao_com_Viaduto_Nakashima.jpeg)
[2026-05-20T18:38:38.531Z] [submitUploadExterno] INICIADO
[2026-05-20T18:38:38.588Z] [submitUploadExterno] Uploading: ff51ac8f-e0c0-47c3-882e-bf319066cfda/7a0d082b-a512-48b8-bb63-29091a14b38a.jpeg (Original: Montagem_das_estruturas_metalicas_da_Parada_Figueira.jpeg)
[2026-05-20T18:38:39.049Z] [submitUploadExterno] INICIADO
[2026-05-20T18:38:39.096Z] [submitUploadExterno] Uploading: ff51ac8f-e0c0-47c3-882e-bf319066cfda/4124bf55-e553-4668-8141-478923bcc427.png (Original: Pavimento_rigido-_chegada_da_Alcantara_Machado_x_Rua_da_Figueira.png)
[2026-05-20T18:38:39.746Z] [submitUploadExterno] INICIADO
[2026-05-20T18:38:39.803Z] [submitUploadExterno] Uploading: ff51ac8f-e0c0-47c3-882e-bf319066cfda/cb10a9dc-ee37-4aa0-8f5b-81474d9b1f59.png (Original: Pista_em_pavimento_de_concreto_na_futura_Parada_Men_de_Sa.png)
[2026-05-20T18:41:30.078Z] [submitUploadExterno] INICIADO
[2026-05-20T18:41:30.234Z] [submitUploadExterno] Uploading: 17a8c6b2-5489-4a76-848c-f43e5bc0b24f/03b15edd-2cce-48e9-a59f-93f0d28943d0.jpeg (Original: Foto_01.jpeg)
[2026-05-20T18:41:30.664Z] [submitUploadExterno] INICIADO
[2026-05-20T18:41:30.750Z] [submitUploadExterno] Uploading: 17a8c6b2-5489-4a76-848c-f43e5bc0b24f/238fc1cc-833e-4c44-8e00-31a89df5b322.jpeg (Original: Foto_02.jpeg)
[2026-05-20T18:41:31.385Z] [submitUploadExterno] INICIADO
[2026-05-20T18:41:31.439Z] [submitUploadExterno] Uploading: 17a8c6b2-5489-4a76-848c-f43e5bc0b24f/d92efc4b-1c68-4c56-88f0-59b3993615ad.jpeg (Original: Foto_03.jpeg)
[2026-05-20T18:41:31.744Z] [submitUploadExterno] INICIADO
[2026-05-20T18:41:31.803Z] [submitUploadExterno] Uploading: 17a8c6b2-5489-4a76-848c-f43e5bc0b24f/f61dd854-0b9d-43d4-af61-703132b40e89.jpeg (Original: Foto_04.jpeg)
[2026-05-20T18:41:32.314Z] [submitUploadExterno] INICIADO
[2026-05-20T18:41:32.380Z] [submitUploadExterno] Uploading: 17a8c6b2-5489-4a76-848c-f43e5bc0b24f/b00d38e9-1ad2-4ac0-b477-b3ab093fad0d.jpeg (Original: Foto_05.jpeg)
[2026-05-20T18:41:33.146Z] [submitUploadExterno] INICIADO
[2026-05-20T18:41:33.181Z] [submitUploadExterno] Uploading: 17a8c6b2-5489-4a76-848c-f43e5bc0b24f/20e315e8-07a7-4075-bfa3-741dd954d0e6.jpeg (Original: Foto_06.jpeg)
[2026-05-20T18:41:33.645Z] [submitUploadExterno] INICIADO
[2026-05-20T18:41:33.673Z] [submitUploadExterno] Uploading: 17a8c6b2-5489-4a76-848c-f43e5bc0b24f/3d91dccc-6f54-48fe-bcef-03ddf3eb3b8b.jpeg (Original: Foto_07.jpeg)
[2026-05-20T18:41:34.100Z] [submitUploadExterno] INICIADO
[2026-05-20T18:41:34.133Z] [submitUploadExterno] Uploading: 17a8c6b2-5489-4a76-848c-f43e5bc0b24f/3f35db94-6afe-4b96-86ab-169ef06b9ea7.jpeg (Original: Foto_08.jpeg)
[2026-05-20T18:41:34.730Z] [submitUploadExterno] INICIADO
[2026-05-20T18:41:34.758Z] [submitUploadExterno] Uploading: 17a8c6b2-5489-4a76-848c-f43e5bc0b24f/25c2cb66-1fd6-49c6-acad-496ca838de81.jpeg (Original: Foto_09.jpeg)
[2026-05-20T18:41:35.419Z] [submitUploadExterno] INICIADO
[2026-05-20T18:41:35.445Z] [submitUploadExterno] Uploading: 17a8c6b2-5489-4a76-848c-f43e5bc0b24f/29663f6e-8203-4997-b8ba-8097328a31f7.jpeg (Original: Foto_10.jpeg)
[2026-05-20T18:41:35.748Z] [submitUploadExterno] INICIADO
[2026-05-20T18:41:35.771Z] [submitUploadExterno] Uploading: 17a8c6b2-5489-4a76-848c-f43e5bc0b24f/2cc2baa6-c2e9-4e44-b279-c4b5eabdb611.jpeg (Original: Foto_11.jpeg)
[2026-05-20T18:41:36.053Z] [submitUploadExterno] INICIADO
[2026-05-20T18:41:36.085Z] [submitUploadExterno] Uploading: 17a8c6b2-5489-4a76-848c-f43e5bc0b24f/9606639e-279d-4cb0-b87f-d4304448bf57.jpeg (Original: Foto_12.jpeg)
[2026-05-20T18:41:36.396Z] [submitUploadExterno] INICIADO
[2026-05-20T18:41:36.433Z] [submitUploadExterno] Uploading: 17a8c6b2-5489-4a76-848c-f43e5bc0b24f/6be7a9b7-36bf-47b4-9eae-16b19656bef5.jpeg (Original: Foto_13.jpeg)
[2026-05-20T18:41:37.034Z] [submitUploadExterno] INICIADO
[2026-05-20T18:41:37.059Z] [submitUploadExterno] Uploading: 17a8c6b2-5489-4a76-848c-f43e5bc0b24f/7c9d4e3d-6b41-4eea-a8f0-f31087a150ce.jpeg (Original: Foto_14.jpeg)
[2026-05-20T18:41:37.490Z] [submitUploadExterno] INICIADO
[2026-05-20T18:41:37.522Z] [submitUploadExterno] Uploading: 17a8c6b2-5489-4a76-848c-f43e5bc0b24f/c69a5937-5245-4f76-a525-1f8d585bfa4b.jpeg (Original: Foto_15.jpeg)
[2026-05-20T18:41:38.292Z] [submitUploadExterno] INICIADO
[2026-05-20T18:41:38.319Z] [submitUploadExterno] Uploading: 17a8c6b2-5489-4a76-848c-f43e5bc0b24f/a47c97d7-4a19-4d1f-95be-5644295b7ffb.jpeg (Original: Foto_16.jpeg)
[2026-05-20T18:41:38.701Z] [submitUploadExterno] INICIADO
[2026-05-20T18:41:38.724Z] [submitUploadExterno] Uploading: 17a8c6b2-5489-4a76-848c-f43e5bc0b24f/9a49230d-7d6f-4420-9b2e-893d34c32c03.jpeg (Original: Foto_17.jpeg)
[2026-05-20T18:43:00.807Z] [submitUploadExterno] INICIADO
[2026-05-20T18:43:00.855Z] [submitUploadExterno] Uploading: 9c67a5e3-20e3-44bd-8be6-733e962b17c3/a8ecd7e7-49f1-4b63-952c-8f70322faff1.jpg (Original: Foto_01.jpg)
[2026-05-20T18:43:01.974Z] [submitUploadExterno] INICIADO
[2026-05-20T18:43:02.025Z] [submitUploadExterno] Uploading: 9c67a5e3-20e3-44bd-8be6-733e962b17c3/6a5899a4-ec03-46b5-95d0-c64a22300f0d.jpg (Original: Foto_02.jpg)
[2026-05-20T18:43:04.375Z] [submitUploadExterno] INICIADO
[2026-05-20T18:43:04.428Z] [submitUploadExterno] Uploading: 9c67a5e3-20e3-44bd-8be6-733e962b17c3/83907dfe-af6a-4d3c-a92f-c54204bd1ac5.jpg (Original: Foto_03.jpg)
[2026-05-20T18:43:05.983Z] [submitUploadExterno] INICIADO
[2026-05-20T18:43:06.028Z] [submitUploadExterno] Uploading: 9c67a5e3-20e3-44bd-8be6-733e962b17c3/2ad2835f-da9f-4548-8039-1885c6ca093c.jpg (Original: Foto_04.jpg)
[2026-05-20T18:43:07.487Z] [submitUploadExterno] INICIADO
[2026-05-20T18:43:07.528Z] [submitUploadExterno] Uploading: 9c67a5e3-20e3-44bd-8be6-733e962b17c3/1546bc3d-8e65-4cd1-80ee-5e04bcd5cbd9.jpg (Original: Foto_05.jpg)
[2026-05-20T18:43:08.713Z] [submitUploadExterno] INICIADO
[2026-05-20T18:43:08.743Z] [submitUploadExterno] Uploading: 9c67a5e3-20e3-44bd-8be6-733e962b17c3/187b8bd5-15e6-4baf-a6cd-891aef5706ec.jpg (Original: Foto_06.jpg)
[2026-05-20T18:43:10.000Z] [submitUploadExterno] INICIADO
[2026-05-20T18:43:10.027Z] [submitUploadExterno] Uploading: 9c67a5e3-20e3-44bd-8be6-733e962b17c3/0225146c-51fc-4601-a0c3-306c0d0f59c2.jpg (Original: Foto_07.jpg)
[2026-05-20T18:43:11.375Z] [submitUploadExterno] INICIADO
[2026-05-20T18:43:11.402Z] [submitUploadExterno] Uploading: 9c67a5e3-20e3-44bd-8be6-733e962b17c3/9f270fa6-a58f-4929-82e9-854fbd86a509.jpg (Original: Foto_08.jpg)
[2026-05-20T18:44:34.424Z] [submitUploadExterno] INICIADO
[2026-05-20T18:44:34.641Z] [submitUploadExterno] Uploading: 5af308ef-101b-4503-8356-5ce0769eb505/bc675541-a599-4e0d-a816-4f711035e537.jpeg (Original: Foto_01.jpeg)
[2026-05-20T18:44:35.602Z] [submitUploadExterno] INICIADO
[2026-05-20T18:44:35.703Z] [submitUploadExterno] Uploading: 5af308ef-101b-4503-8356-5ce0769eb505/ef1ca225-9362-4ba9-bfd7-09907f2e2094.jpeg (Original: Foto_02.jpeg)
[2026-05-20T18:44:36.183Z] [submitUploadExterno] INICIADO
[2026-05-20T18:44:36.263Z] [submitUploadExterno] Uploading: 5af308ef-101b-4503-8356-5ce0769eb505/16de7a67-6750-46fa-b9e3-73a73f5ef882.jpeg (Original: Foto_03.jpeg)
[2026-05-20T18:44:36.630Z] [submitUploadExterno] INICIADO
[2026-05-20T18:44:36.775Z] [submitUploadExterno] Uploading: 5af308ef-101b-4503-8356-5ce0769eb505/945f4063-2a4e-4d28-86bb-78f027771c32.jpeg (Original: Foto_04.jpeg)
[2026-05-20T18:44:37.948Z] [submitUploadExterno] INICIADO
[2026-05-20T18:44:38.034Z] [submitUploadExterno] Uploading: 5af308ef-101b-4503-8356-5ce0769eb505/ae947eb3-9a7c-458d-8b20-1d22fa28b97b.jpeg (Original: Pavimento_Rigido_-_Avenida_Interlagos.jpeg)
[2026-05-20T18:44:38.438Z] [submitUploadExterno] INICIADO
[2026-05-20T18:44:38.486Z] [submitUploadExterno] Uploading: 5af308ef-101b-4503-8356-5ce0769eb505/d4412131-bc1f-4d1b-bcb9-2784d635af1e.jpeg (Original: Pavimento_Rigido_-_Avenida_Jangadeiro.jpeg)
[2026-05-20T18:44:38.784Z] [submitUploadExterno] INICIADO
[2026-05-20T18:44:38.829Z] [submitUploadExterno] Uploading: 5af308ef-101b-4503-8356-5ce0769eb505/ff5f2dd3-f5c4-4ff3-9330-a297f3f46e01.jpeg (Original: Pavimento_Rigido_-_Avenida_Teotonio_Vilela.jpeg)
[2026-05-20T18:44:39.184Z] [submitUploadExterno] INICIADO
[2026-05-20T18:44:39.229Z] [submitUploadExterno] Uploading: 5af308ef-101b-4503-8356-5ce0769eb505/a2fde6fa-60e1-4f1f-901b-b15a9ccfee2f.jpeg (Original: Pavimentos_Rigido_-_Avenida_Jangadeiro.jpeg)
[2026-05-20T18:45:45.596Z] [submitUploadExterno] INICIADO
[2026-05-20T18:45:45.707Z] [submitUploadExterno] Uploading: cd4d55d6-73d6-4c09-8ee7-cdeb4911fce3/b7c03c1f-0bd7-41bb-8cbb-2dc3c9038635.png (Original: Estaca_2104_10_a_2106_3___Demolicao_do_pavimento_flexivel_.png)
[2026-05-20T18:45:46.128Z] [submitUploadExterno] INICIADO
[2026-05-20T18:45:46.172Z] [submitUploadExterno] Uploading: cd4d55d6-73d6-4c09-8ee7-cdeb4911fce3/c67ed084-097e-4011-905a-85f68a8a484d.png (Original: Estaca_2126_3_e_2127___Reparo_Profundo__escavacao_e_remocao_de_capa_asfaltica__.png)
[2026-05-20T18:45:46.614Z] [submitUploadExterno] INICIADO
[2026-05-20T18:45:46.655Z] [submitUploadExterno] Uploading: cd4d55d6-73d6-4c09-8ee7-cdeb4911fce3/c6011ddb-e8c8-47a7-8764-2ecfd249037f.jpeg (Original: Foto_01.jpeg)
[2026-05-20T18:45:46.975Z] [submitUploadExterno] INICIADO
[2026-05-20T18:45:47.015Z] [submitUploadExterno] Uploading: cd4d55d6-73d6-4c09-8ee7-cdeb4911fce3/f4c7c595-d9b6-4ab2-8749-031008d8a6dd.jpeg (Original: Foto_02.jpeg)
[2026-05-20T18:45:47.790Z] [submitUploadExterno] INICIADO
[2026-05-20T18:45:47.838Z] [submitUploadExterno] Uploading: cd4d55d6-73d6-4c09-8ee7-cdeb4911fce3/8ad62eba-57cc-4cea-afde-08033e818a5e.jpeg (Original: Foto_03.jpeg)
[2026-05-20T18:45:48.214Z] [submitUploadExterno] INICIADO
[2026-05-20T18:45:48.248Z] [submitUploadExterno] Uploading: cd4d55d6-73d6-4c09-8ee7-cdeb4911fce3/6c6e5df6-6909-4e96-9aaa-e3f74cb98293.jpeg (Original: Foto_04.jpeg)
[2026-05-20T18:45:48.612Z] [submitUploadExterno] INICIADO
[2026-05-20T18:45:48.639Z] [submitUploadExterno] Uploading: cd4d55d6-73d6-4c09-8ee7-cdeb4911fce3/c3a91718-ef59-40b5-9b36-56ed8586ef01.png (Original: Parada_AABB___Concretagem_da_superguia_.png)
[2026-05-20T18:45:49.026Z] [submitUploadExterno] INICIADO
[2026-05-20T18:45:49.065Z] [submitUploadExterno] Uploading: cd4d55d6-73d6-4c09-8ee7-cdeb4911fce3/cccfd608-ece4-4ec1-92b8-0c897f6d5e9a.png (Original: Parada_AABB___Execucao_de_soldas_nas_bases_das_estruturas_metalica_.png)
[2026-05-20T18:45:49.540Z] [submitUploadExterno] INICIADO
[2026-05-20T18:45:49.570Z] [submitUploadExterno] Uploading: cd4d55d6-73d6-4c09-8ee7-cdeb4911fce3/0956c127-3279-4243-8465-b8893c1ebbf7.png (Original: Reparo_profundo___Instalacao_de_dreno_triplanar_.png)
[2026-05-20T18:47:41.836Z] [submitUploadExterno] INICIADO
[2026-05-20T18:47:42.253Z] [submitUploadExterno] Uploading: 90bbf04b-6cad-4482-8a76-d77e221798eb/95fc27a8-ebb4-4dcb-af9e-4fe8a36c2250.jpeg (Original: Foto_01.jpeg)
[2026-05-20T18:47:42.957Z] [submitUploadExterno] INICIADO
[2026-05-20T18:47:43.011Z] [submitUploadExterno] Uploading: 90bbf04b-6cad-4482-8a76-d77e221798eb/f31e9cc1-e7d7-4e52-a3f4-0db6bca14cdd.jpeg (Original: Foto_02.jpeg)
[2026-05-20T18:47:43.524Z] [submitUploadExterno] INICIADO
[2026-05-20T18:47:43.569Z] [submitUploadExterno] Uploading: 90bbf04b-6cad-4482-8a76-d77e221798eb/132914d4-71bf-4ff3-88a5-a3c7d9025e20.jpeg (Original: Foto_03.jpeg)
[2026-05-20T18:47:44.016Z] [submitUploadExterno] INICIADO
[2026-05-20T18:47:44.063Z] [submitUploadExterno] Uploading: 90bbf04b-6cad-4482-8a76-d77e221798eb/a4df09cb-c2b7-4c7a-845a-70bd38de32a8.jpeg (Original: Foto_04.jpeg)
[2026-05-20T18:47:44.607Z] [submitUploadExterno] INICIADO
[2026-05-20T18:47:44.652Z] [submitUploadExterno] Uploading: 90bbf04b-6cad-4482-8a76-d77e221798eb/31d539a2-2929-4638-a138-53d822e23115.jpeg (Original: Foto_05.jpeg)
[2026-05-20T18:47:44.971Z] [submitUploadExterno] INICIADO
[2026-05-20T18:47:44.999Z] [submitUploadExterno] Uploading: 90bbf04b-6cad-4482-8a76-d77e221798eb/59b8ab20-290a-4aef-a945-823c02fd24b7.jpeg (Original: Foto_06.jpeg)
[2026-05-20T18:47:45.565Z] [submitUploadExterno] INICIADO
[2026-05-20T18:47:45.594Z] [submitUploadExterno] Uploading: 90bbf04b-6cad-4482-8a76-d77e221798eb/ec4cb9f2-cf74-4fe4-9f05-1010c53d025e.jpeg (Original: Foto_07.jpeg)
[2026-05-20T18:47:45.938Z] [submitUploadExterno] INICIADO
[2026-05-20T18:47:45.966Z] [submitUploadExterno] Uploading: 90bbf04b-6cad-4482-8a76-d77e221798eb/5f315ebd-faac-4fb6-a105-b2692cbaac36.jpeg (Original: Foto_08.jpeg)
[2026-05-20T18:47:46.542Z] [submitUploadExterno] INICIADO
[2026-05-20T18:47:46.567Z] [submitUploadExterno] Uploading: 90bbf04b-6cad-4482-8a76-d77e221798eb/636e6638-5d66-4364-92ae-7be897936983.jpeg (Original: Foto_09.jpeg)
[2026-05-20T18:49:52.832Z] [submitUploadExterno] INICIADO
[2026-05-20T18:49:53.150Z] [submitUploadExterno] Uploading: a20e3f7b-321c-43d9-8445-f48fbdaafd8b/24c14b96-e65d-4d89-8c15-3de8597b17a9.jpeg (Original: Foto_01.jpeg)
[2026-05-20T18:49:53.584Z] [submitUploadExterno] INICIADO
[2026-05-20T18:49:53.634Z] [submitUploadExterno] Uploading: a20e3f7b-321c-43d9-8445-f48fbdaafd8b/410b5739-da3a-4a45-a3d8-bb85e510320f.jpeg (Original: Foto_02.jpeg)
[2026-05-20T18:49:54.242Z] [submitUploadExterno] INICIADO
[2026-05-20T18:49:54.286Z] [submitUploadExterno] Uploading: a20e3f7b-321c-43d9-8445-f48fbdaafd8b/4bb63ace-9eeb-476a-9d77-fd92ffd3bfaa.jpeg (Original: Foto_03.jpeg)
[2026-05-20T18:49:57.298Z] [submitUploadExterno] INICIADO
[2026-05-20T18:49:57.884Z] [submitUploadExterno] Uploading: a20e3f7b-321c-43d9-8445-f48fbdaafd8b/9df299be-7c92-4374-8c91-1d4eea677653.jpeg (Original: Foto_04.jpeg)
[2026-05-20T18:49:58.480Z] [submitUploadExterno] INICIADO
[2026-05-20T18:49:58.521Z] [submitUploadExterno] Uploading: a20e3f7b-321c-43d9-8445-f48fbdaafd8b/00d009ab-ef9b-4bfd-915c-10797a734729.jpeg (Original: Foto_05.jpeg)
[2026-05-20T18:49:59.268Z] [submitUploadExterno] INICIADO
[2026-05-20T18:49:59.294Z] [submitUploadExterno] Uploading: a20e3f7b-321c-43d9-8445-f48fbdaafd8b/95a1fb33-f307-4b4d-a918-66852a465c25.jpeg (Original: Foto_06.jpeg)
[2026-05-20T18:49:59.648Z] [submitUploadExterno] INICIADO
[2026-05-20T18:49:59.669Z] [submitUploadExterno] Uploading: a20e3f7b-321c-43d9-8445-f48fbdaafd8b/5fb70dda-aaab-4ef7-910e-e95e27671409.jpeg (Original: Foto_07.jpeg)
[2026-05-20T18:50:00.360Z] [submitUploadExterno] INICIADO
[2026-05-20T18:50:00.387Z] [submitUploadExterno] Uploading: a20e3f7b-321c-43d9-8445-f48fbdaafd8b/4416737d-51dd-44fd-a4bf-240c6be32181.jpeg (Original: Foto_08.jpeg)
[2026-05-20T18:50:00.988Z] [submitUploadExterno] INICIADO
[2026-05-20T18:50:01.014Z] [submitUploadExterno] Uploading: a20e3f7b-321c-43d9-8445-f48fbdaafd8b/f0ba381d-1258-45e5-8c29-cdc4e15fd9aa.jpeg (Original: Foto_09.jpeg)
[2026-05-20T18:50:01.931Z] [submitUploadExterno] INICIADO
[2026-05-20T18:50:01.972Z] [submitUploadExterno] Uploading: a20e3f7b-321c-43d9-8445-f48fbdaafd8b/65d5317e-63ad-4521-bf68-fe6192fb254f.jpeg (Original: Foto_10.jpeg)
[2026-05-20T18:50:02.714Z] [submitUploadExterno] INICIADO
[2026-05-20T18:50:02.744Z] [submitUploadExterno] Uploading: a20e3f7b-321c-43d9-8445-f48fbdaafd8b/9db6798e-3257-4594-9c95-3b8774d9c424.jpeg (Original: Foto_11.jpeg)
[2026-05-20T18:50:03.270Z] [submitUploadExterno] INICIADO
[2026-05-20T18:50:03.294Z] [submitUploadExterno] Uploading: a20e3f7b-321c-43d9-8445-f48fbdaafd8b/d375844a-71b6-4dcc-a9a9-0ebe1dc63fa6.jpeg (Original: Foto_12.jpeg)
[2026-05-20T18:50:03.853Z] [submitUploadExterno] INICIADO
[2026-05-20T18:50:03.882Z] [submitUploadExterno] Uploading: a20e3f7b-321c-43d9-8445-f48fbdaafd8b/9b327a78-2fa5-4eb2-b4d7-feef2e8b34e9.jpeg (Original: Foto_13.jpeg)
[2026-05-20T18:50:04.241Z] [submitUploadExterno] INICIADO
[2026-05-20T18:50:04.270Z] [submitUploadExterno] Uploading: a20e3f7b-321c-43d9-8445-f48fbdaafd8b/60b1628b-de50-4fa7-905c-3f534aa5333d.jpeg (Original: Foto_14.jpeg)
[2026-05-20T18:50:04.769Z] [submitUploadExterno] INICIADO
[2026-05-20T18:50:04.793Z] [submitUploadExterno] Uploading: a20e3f7b-321c-43d9-8445-f48fbdaafd8b/e0dfe5bc-4208-4f97-94b5-cea58fa36054.jpeg (Original: Foto_15.jpeg)
[2026-05-20T18:50:05.155Z] [submitUploadExterno] INICIADO
[2026-05-20T18:50:05.184Z] [submitUploadExterno] Uploading: a20e3f7b-321c-43d9-8445-f48fbdaafd8b/7d8d050b-b5ba-4150-9e20-04b3c60459fd.jpeg (Original: Foto_16.jpeg)
[2026-05-20T18:50:05.867Z] [submitUploadExterno] INICIADO
[2026-05-20T18:50:05.902Z] [submitUploadExterno] Uploading: a20e3f7b-321c-43d9-8445-f48fbdaafd8b/02e02fd4-e3ca-4166-89e4-08ac32b2bc90.jpeg (Original: Foto_17.jpeg)
[2026-05-20T18:50:43.173Z] [submitUploadExterno] INICIADO
[2026-05-20T18:50:43.216Z] [submitUploadExterno] Uploading: be84a72a-e280-472d-82c5-d428d6ae8b91/7547bfda-914a-4cba-9d32-5938d4d3a6da.jpeg (Original: Foto_04.jpeg)
[2026-05-20T18:50:43.575Z] [submitUploadExterno] INICIADO
[2026-05-20T18:50:43.623Z] [submitUploadExterno] Uploading: be84a72a-e280-472d-82c5-d428d6ae8b91/834ab762-1a34-404b-b099-5775a984db77.jpeg (Original: Foto_01.jpeg)
[2026-05-20T18:50:43.957Z] [submitUploadExterno] INICIADO
[2026-05-20T18:50:44.006Z] [submitUploadExterno] Uploading: be84a72a-e280-472d-82c5-d428d6ae8b91/5a437362-0e1a-47e1-82ef-9bb4c769b426.jpeg (Original: Foto_02.jpeg)
[2026-05-20T18:50:44.772Z] [submitUploadExterno] INICIADO
[2026-05-20T18:50:44.837Z] [submitUploadExterno] Uploading: be84a72a-e280-472d-82c5-d428d6ae8b91/112c1c79-123b-4eed-adf8-3245be97fe28.jpeg (Original: Foto_03.jpeg)
