{
  "id": "17a8c6b2-5489-4a76-848c-f43e5bc0b24f",
  "timestamp": "2026-05-25T17:49:33.232Z",
  "contratoIdsDoEmp": [
    "cca0d1fe-159e-4241-890b-a56303cf5102",
    "19eb1e3b-3cdc-4ff5-8b27-d70cc34aa4de",
    "2c11460c-c186-442c-8871-cce1f3676138",
    "ed7accbe-de41-4ca0-820f-6ff9359c49b0",
    "303c96f7-666f-483a-8de3-318092474d7b",
    "f12f00e8-7d98-4c56-8b5e-d2fdd07cd0b8",
    "3ce08e35-3e58-4ade-8bbf-19c181c9ea97"
  ],
  "errByEmp": null,
  "byEmp": [
    {
      "id": "584f59c8-fc41-4fce-a734-8777dfdbe272",
      "contrato_id": "ed7accbe-de41-4ca0-820f-6ff9359c49b0",
      "codigo": null,
      "descricao": "Contratação de empresa especializada em estudos ambientais nas áreas contaminadas para obras de Prolongamento da Av. Chucri Zaidan até a Av. João Dias, Ponte Burle Max e complementos viários necessários  (AP01 Rua José Guerra, 282, AP02 Rua Laguna, 1113, AP05 Rua Laguna, 901, AS01 Rua Laguna, 469, AS04 Rua Laguna, 261, AS05 Rua Laguna, 1099, AS03 Quarteirão Rua Engenheiro Mesquita Sampaio, José Guerra, da Paz, José Vicente). (OUCAE)",
      "unidade": null,
      "quantidade": null,
      "preco_unitario": null,
      "valor_total": 2150654.32,
      "created_at": "2026-03-30T17:56:06.935415+00:00",
      "updated_at": "2026-03-30T17:56:06.935415+00:00",
      "empreendimento_id": "17a8c6b2-5489-4a76-848c-f43e5bc0b24f",
      "tipo": "Ambiental",
      "status": "Andamento",
      "subtipo_receita": null,
      "data_inicio": "2023-12-08",
      "duracao_dias": null,
      "data_fim": "2025-11-19T00:00:00+00:00",
      "acompanha_fisico": true,
      "acompanha_financeiro": true,
      "valor_contratual": 2150654.32,
      "ordem": 4,
      "aditamento_anos": 0,
      "aditamento_formalizado": false,
      "subtipo_ambiental": [
        "LAP",
        "Taxa Ambiental"
      ],
      "contratos": {
        "numero": "282/SPOBRAS/2023"
      }
    },
    {
      "id": "4796990a-3ec8-44c0-af08-e005dbd62272",
      "contrato_id": "cca0d1fe-159e-4241-890b-a56303cf5102",
      "codigo": null,
      "descricao": "Investigação detalhada, monitoramento de vapores, plano de intervenção e análise de risco à saúde humana no imóvel localizado na Rua Américo Brasiliense nº  2280 -Chácara Santo Antônio. OUCAE",
      "unidade": null,
      "quantidade": null,
      "preco_unitario": null,
      "valor_total": 191115.19,
      "created_at": "2026-03-30T17:59:52.442601+00:00",
      "updated_at": "2026-03-30T17:59:52.442601+00:00",
      "empreendimento_id": "17a8c6b2-5489-4a76-848c-f43e5bc0b24f",
      "tipo": "Ambiental",
      "status": "Andamento",
      "subtipo_receita": null,
      "data_inicio": "2020-12-04",
      "duracao_dias": 365,
      "data_fim": "2021-12-04T00:00:00+00:00",
      "acompanha_fisico": true,
      "acompanha_financeiro": true,
      "valor_contratual": 191115.19,
      "ordem": 1,
      "aditamento_anos": 0,
      "aditamento_formalizado": false,
      "subtipo_ambiental": [
        "LAP",
        "LAO",
        "TCA",
        "LAI",
        "Taxa Ambiental"
      ],
      "contratos": {
        "numero": "104/SIURB/2020"
      }
    }
  ],
  "errByContrato": null,
  "byContrato": [
    {
      "id": "584f59c8-fc41-4fce-a734-8777dfdbe272",
      "contrato_id": "ed7accbe-de41-4ca0-820f-6ff9359c49b0",
      "codigo": null,
      "descricao": "Contratação de empresa especializada em estudos ambientais nas áreas contaminadas para obras de Prolongamento da Av. Chucri Zaidan até a Av. João Dias, Ponte Burle Max e complementos viários necessários  (AP01 Rua José Guerra, 282, AP02 Rua Laguna, 1113, AP05 Rua Laguna, 901, AS01 Rua Laguna, 469, AS04 Rua Laguna, 261, AS05 Rua Laguna, 1099, AS03 Quarteirão Rua Engenheiro Mesquita Sampaio, José Guerra, da Paz, José Vicente). (OUCAE)",
      "unidade": null,
      "quantidade": null,
      "preco_unitario": null,
      "valor_total": 2150654.32,
      "created_at": "2026-03-30T17:56:06.935415+00:00",
      "updated_at": "2026-03-30T17:56:06.935415+00:00",
      "empreendimento_id": "17a8c6b2-5489-4a76-848c-f43e5bc0b24f",
      "tipo": "Ambiental",
      "status": "Andamento",
      "subtipo_receita": null,
      "data_inicio": "2023-12-08",
      "duracao_dias": null,
      "data_fim": "2025-11-19T00:00:00+00:00",
      "acompanha_fisico": true,
      "acompanha_financeiro": true,
      "valor_contratual": 2150654.32,
      "ordem": 4,
      "aditamento_anos": 0,
      "aditamento_formalizado": false,
      "subtipo_ambiental": [
        "LAP",
        "Taxa Ambiental"
      ],
      "contratos": {
        "numero": "282/SPOBRAS/2023"
      }
    },
    {
      "id": "4796990a-3ec8-44c0-af08-e005dbd62272",
      "contrato_id": "cca0d1fe-159e-4241-890b-a56303cf5102",
      "codigo": null,
      "descricao": "Investigação detalhada, monitoramento de vapores, plano de intervenção e análise de risco à saúde humana no imóvel localizado na Rua Américo Brasiliense nº  2280 -Chácara Santo Antônio. OUCAE",
      "unidade": null,
      "quantidade": null,
      "preco_unitario": null,
      "valor_total": 191115.19,
      "created_at": "2026-03-30T17:59:52.442601+00:00",
      "updated_at": "2026-03-30T17:59:52.442601+00:00",
      "empreendimento_id": "17a8c6b2-5489-4a76-848c-f43e5bc0b24f",
      "tipo": "Ambiental",
      "status": "Andamento",
      "subtipo_receita": null,
      "data_inicio": "2020-12-04",
      "duracao_dias": 365,
      "data_fim": "2021-12-04T00:00:00+00:00",
      "acompanha_fisico": true,
      "acompanha_financeiro": true,
      "valor_contratual": 191115.19,
      "ordem": 1,
      "aditamento_anos": 0,
      "aditamento_formalizado": false,
      "subtipo_ambiental": [
        "LAP",
        "LAO",
        "TCA",
        "LAI",
        "Taxa Ambiental"
      ],
      "contratos": {
        "numero": "104/SIURB/2020"
      }
    }
  ],
  "empreendimentoId": "17a8c6b2-5489-4a76-848c-f43e5bc0b24f",
  "empreendimentoInfo": {
    "id": "17a8c6b2-5489-4a76-848c-f43e5bc0b24f",
    "nome": "Chucri Zaidan - FASE 2",
    "codigo": "134",
    "descricao": "Implantação de túnel, adequações viárias (especialmente em frente ao Shopping Morumbi) e paisagismo e urbanismo ao longo da via.",
    "localizacao": "Av. Dr. Chucri Zaidan, 902",
    "gerencia_id": null,
    "status": "4",
    "valor_total": 260000000,
    "created_at": "2026-01-12T17:18:23.010316+00:00",
    "updated_at": "2026-02-19T12:07:42.14+00:00",
    "created_by": null,
    "programa": null,
    "subprefeitura": null,
    "gerencia": "338",
    "id_programa": 2,
    "id_distrito": 72,
    "latitude": -23.62157,
    "longitude": -46.699859,
    "prioritario": false
  },
  "targetServicoId": "584f59c8-fc41-4fce-a734-8777dfdbe272",
  "servDataCount": 2,
  "servDataIds": [
    "584f59c8-fc41-4fce-a734-8777dfdbe272",
    "4796990a-3ec8-44c0-af08-e005dbd62272"
  ],
  "servicosAmbientaisCount": 2,
  "servicosAmbientais": [
    {
      "id": "584f59c8-fc41-4fce-a734-8777dfdbe272",
      "contrato_id": "ed7accbe-de41-4ca0-820f-6ff9359c49b0",
      "codigo": null,
      "descricao": "Contratação de empresa especializada em estudos ambientais nas áreas contaminadas para obras de Prolongamento da Av. Chucri Zaidan até a Av. João Dias, Ponte Burle Max e complementos viários necessários  (AP01 Rua José Guerra, 282, AP02 Rua Laguna, 1113, AP05 Rua Laguna, 901, AS01 Rua Laguna, 469, AS04 Rua Laguna, 261, AS05 Rua Laguna, 1099, AS03 Quarteirão Rua Engenheiro Mesquita Sampaio, José Guerra, da Paz, José Vicente). (OUCAE)",
      "unidade": null,
      "quantidade": null,
      "preco_unitario": null,
      "valor_total": 2150654.32,
      "created_at": "2026-03-30T17:56:06.935415+00:00",
      "updated_at": "2026-03-30T17:56:06.935415+00:00",
      "empreendimento_id": "17a8c6b2-5489-4a76-848c-f43e5bc0b24f",
      "tipo": "Ambiental",
      "status": "Andamento",
      "subtipo_receita": null,
      "data_inicio": "2023-12-08",
      "duracao_dias": null,
      "data_fim": "2025-11-19T00:00:00+00:00",
      "acompanha_fisico": true,
      "acompanha_financeiro": true,
      "valor_contratual": 2150654.32,
      "ordem": 4,
      "aditamento_anos": 0,
      "aditamento_formalizado": false,
      "subtipo_ambiental": [
        "LAP",
        "Taxa Ambiental"
      ],
      "contratos": {
        "numero": "282/SPOBRAS/2023"
      },
      "ambiental_licenciamentos": [],
      "ambiental_detalhes": null
    },
    {
      "id": "4796990a-3ec8-44c0-af08-e005dbd62272",
      "contrato_id": "cca0d1fe-159e-4241-890b-a56303cf5102",
      "codigo": null,
      "descricao": "Investigação detalhada, monitoramento de vapores, plano de intervenção e análise de risco à saúde humana no imóvel localizado na Rua Américo Brasiliense nº  2280 -Chácara Santo Antônio. OUCAE",
      "unidade": null,
      "quantidade": null,
      "preco_unitario": null,
      "valor_total": 191115.19,
      "created_at": "2026-03-30T17:59:52.442601+00:00",
      "updated_at": "2026-03-30T17:59:52.442601+00:00",
      "empreendimento_id": "17a8c6b2-5489-4a76-848c-f43e5bc0b24f",
      "tipo": "Ambiental",
      "status": "Andamento",
      "subtipo_receita": null,
      "data_inicio": "2020-12-04",
      "duracao_dias": 365,
      "data_fim": "2021-12-04T00:00:00+00:00",
      "acompanha_fisico": true,
      "acompanha_financeiro": true,
      "valor_contratual": 191115.19,
      "ordem": 1,
      "aditamento_anos": 0,
      "aditamento_formalizado": false,
      "subtipo_ambiental": [
        "LAP",
        "LAO",
        "TCA",
        "LAI",
        "Taxa Ambiental"
      ],
      "contratos": {
        "numero": "104/SIURB/2020"
      },
      "ambiental_licenciamentos": [],
      "ambiental_detalhes": {
        "id": "8ce7dff1-5664-4248-bfa1-7feec28d8a49",
        "servico_id": "4796990a-3ec8-44c0-af08-e005dbd62272",
        "tecnico_gma": null,
        "gestor": null,
        "fiscal": null,
        "gerencia": null,
        "contratada": "ID: 198",
        "contrato_spobras": "104/SIURB/2020",
        "contrato_siurb": null,
        "sei_processo": null,
        "programa": null,
        "estagio": null,
        "status": "Em andamento",
        "prazo": "2021-12-04",
        "valor_contrato": 191115.19,
        "valor_medido": null,
        "percentual_conclusao": null,
        "tem_empenho": null,
        "updated_at": "2026-05-25T17:18:46.421003+00:00"
      }
    }
  ]
}