[dotenv@17.2.3] injecting env (6) from .env.local -- tip: ­ƒöÉ prevent building .env in docker: https://dotenvx.com/prebuild
Iniciando sincroniza├º├úo...
Conectado ao SQL Server.
Buscando Empreendimentos...
Encontrados 1735 empreendimentos.
Buscando Programas e Fases via View...
Populated programas: 16 rows.
Populated empreendimento_fases: 9 rows.
Buscando Distritos via View...
Populated distritos: 95 rows.
Buscando Ger├¬ncias via VW_CONTRATOS...
Gerencias found via view: 39
Sample Gerencia: { id: 232, nome: 'DPR-GOA' }
Populated gerencias: 39 rows.
Lookups via View e Fallback finalizados.
Empreendimentos sincronizados (Batch).
Carregados 15 status.
Buscando Contratos (TB_CONTRATOS_SECRETARIA)...
Encontrados 1064 contratos.
Contratos sincronizados.
Buscando V├¡nculos (Diretos + Tabela de Associa├º├úo)...
Erro batch upsert contratos: duplicate key value violates unique constraint "idx_contratos_numero"
Inserindo 2098 v├¡nculos...
V├¡nculos sincronizados.
